<?xml version="1.0" encoding="UTF-8"?>
<!-- Generated by org.testng.reporters.JUnitXMLReporter -->
<testsuite ignored="6" hostname="DESKTOP-073QPVU" failures="0" tests="1" name="GroupsTest" time="0.111" errors="0" timestamp="2024-05-19T10:47:24 IST">
  <testcase classname="day2_19052024.GroupDemo" name="test2" time="0.023"/>
  <testcase classname="day2_19052024.GroupDemo" name="test6" time="0.0">
    <ignored/>
  </testcase> <!-- test6 -->
  <testcase classname="day2_19052024.GroupDemo" name="test7" time="0.0">
    <ignored/>
  </testcase> <!-- test7 -->
  <testcase classname="day2_19052024.GroupDemo" name="test4" time="0.0">
    <ignored/>
  </testcase> <!-- test4 -->
  <testcase classname="day2_19052024.GroupDemo" name="test5" time="0.0">
    <ignored/>
  </testcase> <!-- test5 -->
  <testcase classname="day2_19052024.GroupDemo" name="test3" time="0.0">
    <ignored/>
  </testcase> <!-- test3 -->
  <testcase classname="day2_19052024.GroupDemo" name="test1" time="0.0">
    <ignored/>
  </testcase> <!-- test1 -->
</testsuite> <!-- GroupsTest -->
