<?xml version="1.0" encoding="UTF-8"?>
<testsuite xmlns:xsi="http://www.w3.org/2001/XMLSchema-instance" xsi:noNamespaceSchemaLocation="https://maven.apache.org/surefire/maven-surefire-plugin/xsd/surefire-test-report-3.0.xsd" version="3.0" name="TestSuite" time="1.791" tests="3" errors="0" skipped="0" failures="0">
  <properties>
[...]
</properties>
  <testcase name="test3" classname="day2_19052024.GroupDemo" time="0.014">
    <system-out><![CDATA[Test 3 {"Smoke","Sanity"}
]]></system-out>
    <system-err><![CDATA[SLF4J: Failed to load class "org.slf4j.impl.StaticLoggerBinder".
SLF4J: Defaulting to no-operation (NOP) logger implementation
SLF4J: See http://www.slf4j.org/codes.html#StaticLoggerBinder for further details.
]]></system-err>
  </testcase>
  <testcase name="test6" classname="day2_19052024.GroupDemo" time="0.017">
    <system-out><![CDATA[Test 6 {"Smoke"}
]]></system-out>
  </testcase>
  <testcase name="test7" classname="day2_19052024.GroupDemo" time="0.002">
    <system-out><![CDATA[Test 7 {"Smoke","Sanity","Regression"}
]]></system-out>
  </testcase>
</testsuite>