<?xml version="1.0" encoding="UTF-8"?>
<testng-results ignored="0" total="3" passed="2" failed="1" skipped="0">
  <reporter-output>
  </reporter-output>
  <suite started-at="2024-05-19T11:51:25 IST" name="Default suite" finished-at="2024-05-19T11:52:14 IST" duration-ms="48579">
    <groups>
    </groups>
    <test started-at="2024-05-19T11:51:25 IST" name="Default test" finished-at="2024-05-19T11:52:14 IST" duration-ms="48579">
      <class name="day1_18052024.DataProviderDemo">
        <test-method signature="searchPhone(java.lang.String,java.lang.String)[pri:0, instance:day1_18052024.DataProviderDemo@7e07db1f]" started-at="2024-05-19T11:51:25 IST" name="searchPhone" data-provider="dataSet" finished-at="2024-05-19T11:52:10 IST" duration-ms="44226" status="PASS">
          <params>
            <param index="0">
              <value>
                <![CDATA[iPhone]]>
              </value>
            </param>
            <param index="1">
              <value>
                <![CDATA[15 Pro]]>
              </value>
            </param>
          </params>
          <reporter-output>
          </reporter-output>
        </test-method> <!-- searchPhone -->
        <test-method signature="searchPhone(java.lang.String,java.lang.String)[pri:0, instance:day1_18052024.DataProviderDemo@7e07db1f]" started-at="2024-05-19T11:51:25 IST" name="searchPhone" data-provider="dataSet" finished-at="2024-05-19T11:52:14 IST" duration-ms="48454" status="PASS">
          <params>
            <param index="0">
              <value>
                <![CDATA[Oppo]]>
              </value>
            </param>
            <param index="1">
              <value>
                <![CDATA[Reno 11]]>
              </value>
            </param>
          </params>
          <reporter-output>
          </reporter-output>
        </test-method> <!-- searchPhone -->
        <test-method signature="searchPhone(java.lang.String,java.lang.String)[pri:0, instance:day1_18052024.DataProviderDemo@7e07db1f]" started-at="2024-05-19T11:51:25 IST" name="searchPhone" data-provider="dataSet" finished-at="2024-05-19T11:52:06 IST" duration-ms="40271" status="FAIL">
          <params>
            <param index="0">
              <value>
                <![CDATA[OnePlus]]>
              </value>
            </param>
            <param index="1">
              <value>
                <![CDATA[11 R]]>
              </value>
            </param>
          </params>
          <exception class="org.openqa.selenium.StaleElementReferenceException">
            <message>
              <![CDATA[stale element reference: stale element not found
  (Session info: chrome=124.0.6367.209)
For documentation on this error, please visit: https://www.selenium.dev/documentation/webdriver/troubleshooting/errors#stale-element-reference-exception
Build info: version: '4.20.0', revision: '866c76ca80'
System info: os.name: 'Windows 11', os.arch: 'amd64', os.version: '10.0', java.version: '18.0.2'
Driver info: org.openqa.selenium.chrome.ChromeDriver
Command: [5cb79f1fda3ca65e9ac03ee8ab83294a, sendKeysToElement {id=f.29CFD4CAA90E09A6F30D721239AC0B8F.d.701A97E3185EC3721A43A66D1814CEAE.e.151, value=[Ljava.lang.CharSequence;@67516d0c}]
Capabilities {acceptInsecureCerts: false, browserName: chrome, browserVersion: 124.0.6367.209, chrome: {chromedriverVersion: 124.0.6367.207 (a9001a6e39f..., userDataDir: C:\Users\SUMIT\AppData\Loca...}, fedcm:accounts: true, goog:chromeOptions: {debuggerAddress: localhost:60040}, networkConnectionEnabled: false, pageLoadStrategy: normal, platformName: windows, proxy: Proxy(), se:cdp: ws://localhost:60040/devtoo..., se:cdpVersion: 124.0.6367.209, setWindowRect: true, strictFileInteractability: false, timeouts: {implicit: 0, pageLoad: 300000, script: 30000}, unhandledPromptBehavior: dismiss and notify, webauthn:extension:credBlob: true, webauthn:extension:largeBlob: true, webauthn:extension:minPinLength: true, webauthn:extension:prf: true, webauthn:virtualAuthenticators: true}
Element: [[ChromeDriver: chrome on windows (5cb79f1fda3ca65e9ac03ee8ab83294a)] -> name: q]
Session ID: 5cb79f1fda3ca65e9ac03ee8ab83294a]]>
            </message>
            <full-stacktrace>
              <![CDATA[org.openqa.selenium.StaleElementReferenceException: stale element reference: stale element not found
  (Session info: chrome=124.0.6367.209)
For documentation on this error, please visit: https://www.selenium.dev/documentation/webdriver/troubleshooting/errors#stale-element-reference-exception
Build info: version: '4.20.0', revision: '866c76ca80'
System info: os.name: 'Windows 11', os.arch: 'amd64', os.version: '10.0', java.version: '18.0.2'
Driver info: org.openqa.selenium.chrome.ChromeDriver
Command: [5cb79f1fda3ca65e9ac03ee8ab83294a, sendKeysToElement {id=f.29CFD4CAA90E09A6F30D721239AC0B8F.d.701A97E3185EC3721A43A66D1814CEAE.e.151, value=[Ljava.lang.CharSequence;@67516d0c}]
Capabilities {acceptInsecureCerts: false, browserName: chrome, browserVersion: 124.0.6367.209, chrome: {chromedriverVersion: 124.0.6367.207 (a9001a6e39f..., userDataDir: C:\Users\SUMIT\AppData\Loca...}, fedcm:accounts: true, goog:chromeOptions: {debuggerAddress: localhost:60040}, networkConnectionEnabled: false, pageLoadStrategy: normal, platformName: windows, proxy: Proxy(), se:cdp: ws://localhost:60040/devtoo..., se:cdpVersion: 124.0.6367.209, setWindowRect: true, strictFileInteractability: false, timeouts: {implicit: 0, pageLoad: 300000, script: 30000}, unhandledPromptBehavior: dismiss and notify, webauthn:extension:credBlob: true, webauthn:extension:largeBlob: true, webauthn:extension:minPinLength: true, webauthn:extension:prf: true, webauthn:virtualAuthenticators: true}
Element: [[ChromeDriver: chrome on windows (5cb79f1fda3ca65e9ac03ee8ab83294a)] -> name: q]
Session ID: 5cb79f1fda3ca65e9ac03ee8ab83294a
at java.base/jdk.internal.reflect.DirectConstructorHandleAccessor.newInstance(DirectConstructorHandleAccessor.java:67)
at java.base/java.lang.reflect.Constructor.newInstanceWithCaller(Constructor.java:499)
at java.base/java.lang.reflect.Constructor.newInstance(Constructor.java:483)
at org.openqa.selenium.remote.ErrorCodec.decode(ErrorCodec.java:167)
at org.openqa.selenium.remote.codec.w3c.W3CHttpResponseCodec.decode(W3CHttpResponseCodec.java:138)
at org.openqa.selenium.remote.codec.w3c.W3CHttpResponseCodec.decode(W3CHttpResponseCodec.java:50)
at org.openqa.selenium.remote.HttpCommandExecutor.execute(HttpCommandExecutor.java:190)
at org.openqa.selenium.remote.service.DriverCommandExecutor.invokeExecute(DriverCommandExecutor.java:216)
at org.openqa.selenium.remote.service.DriverCommandExecutor.execute(DriverCommandExecutor.java:174)
at org.openqa.selenium.remote.RemoteWebDriver.execute(RemoteWebDriver.java:518)
at org.openqa.selenium.remote.RemoteWebElement.execute(RemoteWebElement.java:223)
at org.openqa.selenium.remote.RemoteWebElement.sendKeys(RemoteWebElement.java:110)
at day1_18052024.DataProviderDemo.searchPhone(DataProviderDemo.java:64)
at java.base/jdk.internal.reflect.DirectMethodHandleAccessor.invoke(DirectMethodHandleAccessor.java:104)
at java.base/java.lang.reflect.Method.invoke(Method.java:577)
at org.testng.internal.invokers.MethodInvocationHelper.invokeMethod(MethodInvocationHelper.java:139)
at org.testng.internal.invokers.TestInvoker.invokeMethod(TestInvoker.java:664)
at org.testng.internal.invokers.TestInvoker.invokeTestMethod(TestInvoker.java:227)
at org.testng.internal.invokers.TestMethodWithDataProviderMethodWorker.call(TestMethodWithDataProviderMethodWorker.java:80)
at org.testng.internal.invokers.TestMethodWithDataProviderMethodWorker.call(TestMethodWithDataProviderMethodWorker.java:17)
at java.base/java.util.concurrent.FutureTask.run(FutureTask.java:264)
at java.base/java.util.concurrent.Executors$RunnableAdapter.call(Executors.java:539)
at java.base/java.util.concurrent.FutureTask.run(FutureTask.java:264)
at java.base/java.util.concurrent.ThreadPoolExecutor.runWorker(ThreadPoolExecutor.java:1136)
at java.base/java.util.concurrent.ThreadPoolExecutor$Worker.run(ThreadPoolExecutor.java:635)
at java.base/java.lang.Thread.run(Thread.java:833)
]]>
            </full-stacktrace>
          </exception> <!-- org.openqa.selenium.StaleElementReferenceException -->
          <reporter-output>
          </reporter-output>
        </test-method> <!-- searchPhone -->
      </class> <!-- day1_18052024.DataProviderDemo -->
    </test> <!-- Default test -->
  </suite> <!-- Default suite -->
</testng-results>
